#
# A fatal error has been detected by the Java Runtime Environment:
#
#  SIGSEGV (0xb) at pc=0x0000000101bd6a4b, pid=1753, tid=775
#
# JRE version: Java(TM) SE Runtime Environment (11.0.2+9) (build 11.0.2+9-LTS)
# Java VM: Java HotSpot(TM) 64-Bit Server VM (11.0.2+9-LTS, mixed mode, tiered, compressed oops, g1 gc, bsd-amd64)
# Problematic frame:
# V  [libjvm.dylib+0x3d6a4b]  jni_IsSameObject+0x40
#
# No core dump will be written. Core dumps have been disabled. To enable core dumping, try "ulimit -c unlimited" before starting Java again
#
# If you would like to submit a bug report, please visit:
#   http://bugreport.java.com/bugreport/crash.jsp
# The crash happened outside the Java Virtual Machine in native code.
# See problematic frame for where to report the bug.
#

---------------  S U M M A R Y ------------

Command Line: --module-path=/Users/Salimata/Downloads/javafx-sdk-11.0.2/lib --add-modules=javafx.controls -Dfile.encoding=UTF-8 algorithm.Main

Host: MacBookAir5,2 x86_64 2000 MHz, 4 cores, 8G, Darwin 19.3.0
Time: Wed Mar  4 18:45:29 2020 CET elapsed time: 368 seconds (0d 0h 6m 8s)

---------------  T H R E A D  ---------------

Current thread (0x00007fbc697d5000):  JavaThread "AppKit Thread" daemon [_thread_in_native, id=775, stack(0x00007ffeee46b000,0x00007ffeeec6b000)]

Stack: [0x00007ffeee46b000,0x00007ffeeec6b000],  sp=0x00007ffeeec663b0,  free space=8172k
Native frames: (J=compiled Java code, A=aot compiled Java code, j=interpreted, Vv=VM code, C=native code)
V  [libjvm.dylib+0x3d6a4b]  jni_IsSameObject+0x40
C  [JavaNativeFoundation+0x6f07]  -[JNFWeakJObjectWrapper _getWithEnv:]+0x1b
C  [JavaNativeFoundation+0x6d4c]  -[JNFJObjectWrapper jObjectWithEnv:]+0x16
C  [libawt_lwawt.dylib+0xa4fb]  -[AWTWindow isBlocked]+0x45
C  [libawt_lwawt.dylib+0xa72b]  -[AWTWindow orderChildWindows:]+0x85
C  [CoreFoundation+0x79e4a]  __CFNOTIFICATIONCENTER_IS_CALLING_OUT_TO_AN_OBSERVER__+0xc
C  [CoreFoundation+0x79dde]  ___CFXRegistrationPost1_block_invoke+0x3f
C  [CoreFoundation+0x79d53]  _CFXRegistrationPost1+0x174
C  [CoreFoundation+0x799a9]  ___CFXNotificationPost_block_invoke+0x61
C  [CoreFoundation+0x49808]  -[_CFXNotificationRegistrar find:object:observer:enumerator:]+0x6ed
C  [CoreFoundation+0x48baf]  _CFXNotificationPost+0x632
C  [Foundation+0x9a22]  -[NSNotificationCenter postNotificationName:object:userInfo:]+0x3b
C  [AppKit+0x21c75e]  -[NSWindow becomeKeyWindow]+0x4fc
C  [AppKit+0x19e5ae]  -[NSWindow _changeKeyAndMainLimitedOK:]+0x3c3
C  [AppKit+0x19e0b2]  -[NSWindow _makeKeyRegardlessOfVisibility]+0x4c
C  [AppKit+0x1918d9]  -[NSWindow makeKeyAndOrderFront:]+0x28
C  [AppKit+0x8e266e]  -[NSWindow(NSWindow_Theme) _prepareToRestoreRegularFromDock:forceActivation:wantsToBeKey:]+0x76
C  [AppKit+0x8e2888]  -[NSWindow(NSWindow_Theme) _prepareToRestoreFromDock:forceActivation:wantsToBeKey:]+0x81
C  [AppKit+0x8e25bb]  -[NSWindow(NSWindow_Theme) _doRestoreComingFromDock:forceActivation:wantsToBeKey:]+0x16
C  [AppKit+0x1eb8c4]  _NSCGSDockMessageReceive+0x308
C  [HIToolbox+0x564fc]  DockCallback(unsigned int, unsigned int, void*, void*)+0x7d6
C  [HIServices+0x15bc3]  _DCXSelectWindow+0x18
C  [HIServices+0x15b8a]  _XSelectWindow+0x21
C  [HIServices+0x7253]  mshMIGPerform+0xcd
C  [CoreFoundation+0x84c41]  __CFRUNLOOP_IS_CALLING_OUT_TO_A_SOURCE1_PERFORM_FUNCTION__+0x29
C  [CoreFoundation+0x84b94]  __CFRunLoopDoSource1+0x21d
C  [CoreFoundation+0x837ef]  __CFRunLoopRun+0xa42
C  [CoreFoundation+0x82738]  CFRunLoopRunSpecific+0x1f7
C  [java+0x63a5]  CreateExecutionEnvironment+0x190
C  [java+0x2523]  JLI_Launch+0x51f
C  [java+0x14cd]  main+0x16d
C  [libdyld.dylib+0x1a7fd]  start+0x1


siginfo: si_signo: 11 (SIGSEGV), si_code: 1 (SEGV_MAPERR), si_addr: 0x00000000000003b8

Register to memory mapping:

RAX=0x000000000000dead is an unknown value
RBX=0x0 is NULL
RCX=0x0000000106dbedc0 points into unknown readable memory: 5a c8 a8 63 b8 8b e7 a8
RDX=0x0 is NULL
RSP=0x00007ffeeec663b0 is pointing into the stack for thread: 0x00007fbc697d5000
RBP=0x00007ffeeec663e0 is pointing into the stack for thread: 0x00007fbc697d5000
RSI=0x00007fbc68ca1d59 is a weak global jni handle
RDI=0x00007fbc6a47f800 points into unknown readable memory: 00 00 00 00 00 00 00 00
R8 ={method} {0x0000000128380140} 'deliverWindowFocusEvent' '(ZLsun/lwawt/macosx/CPlatformWindow;)V' in 'sun/lwawt/macosx/CPlatformWindow'
R9 =0x00007fbc68c1f380 points into unknown readable memory: 40 01 38 28 01 00 00 00
R10=0x00007fff8ff12250: OBJC_CLASS_$_JNFWeakJObjectWrapper+0 in /System/Library/Frameworks/JavaVM.framework/Versions/A/Frameworks/JavaNativeFoundation.framework/Versions/A/JavaNativeFoundation at 0x00007fff3b1f9000
R11=0x00007fff3b1ffeec: -[JNFWeakJObjectWrapper _getWithEnv:]+0 in /System/Library/Frameworks/JavaVM.framework/Versions/A/Frameworks/JavaNativeFoundation.framework/Versions/A/JavaNativeFoundation at 0x00007fff3b1f9000
R12=0x00007fbc6a47fb40 points into unknown readable memory: f0 42 10 02 01 00 00 00
R13=0x00007fbc68c47380 points into unknown readable memory: 81 39 bd 8f ff ff 1d 00
R14=0x0 is NULL
R15=0x00007fbc68ca1d59 is a weak global jni handle


Registers:
RAX=0x000000000000dead, RBX=0x0000000000000000, RCX=0x0000000106dbedc0, RDX=0x0000000000000000
RSP=0x00007ffeeec663b0, RBP=0x00007ffeeec663e0, RSI=0x00007fbc68ca1d59, RDI=0x00007fbc6a47f800
R8 =0x0000000128380140, R9 =0x00007fbc68c1f380, R10=0x00007fff8ff12250, R11=0x00007fff3b1ffeec
R12=0x00007fbc6a47fb40, R13=0x00007fbc68c47380, R14=0x0000000000000000, R15=0x00007fbc68ca1d59
RIP=0x0000000101bd6a4b, EFLAGS=0x0000000000010246, ERR=0x0000000000000006
  TRAPNO=0x000000000000000e

Top of Stack: (sp=0x00007ffeeec663b0)
0x00007ffeeec663b0:   00007ffeeec663e0 0000000000000000
0x00007ffeeec663c0:   00007fbc68d78ac0 00007fbc6b2934c0
0x00007ffeeec663d0:   00007fbc6a47fb40 00007fff6cddce00
0x00007ffeeec663e0:   00007ffeeec66400 00007fff3b1fff07
0x00007ffeeec663f0:   00007fbc68d78ac0 00007fbc6a47fb40
0x00007ffeeec66400:   00007ffeeec66420 00007fff3b1ffd4c
0x00007ffeeec66410:   00007fbc68d78ac0 00007fbc6b2934c0
0x00007ffeeec66420:   00007ffeeec66450 0000000127a344fb
0x00007ffeeec66430:   0000000000000000 00007fbc6b2934c0
0x00007ffeeec66440:   00007fbc68cd68c0 0000000000000000
0x00007ffeeec66450:   00007ffeeec664e0 0000000127a3472b
0x00007ffeeec66460:   00007ffeeec66480 0000000101f08e54
0x00007ffeeec66470:   00007fbc697d5000 0000000000000000
0x00007ffeeec66480:   00007ffeeec664b0 0000000101bd6a00
0x00007ffeeec66490:   00007fbc697d5000 00007fff6cddce00
0x00007ffeeec664a0:   0000000000000000 00007fff6cddce00
0x00007ffeeec664b0:   00000001eec664e0 00007ffeeec66528
0x00007ffeeec664c0:   00007fbc6b2934c0 00007fbc68c47380
0x00007ffeeec664d0:   00007fbc68cd68c0 0000000000000000
0x00007ffeeec664e0:   00007ffeeec664f0 00007fff369ebe4a
0x00007ffeeec664f0:   00007ffeeec66510 00007fff369ebdde
0x00007ffeeec66500:   00007fbc68cd6880 0000000000000000
0x00007ffeeec66510:   00007ffeeec66590 00007fff369ebd53
0x00007ffeeec66520:   00007fbc68cd6880 00007fff97d8eb00
0x00007ffeeec66530:   00000000c2000000 00007fff369ebd9f
0x00007ffeeec66540:   00007fff8f538640 00007fbc68cd6880
0x00007ffeeec66550:   00007fbc68c47380 00007fbc6b2934c0
0x00007ffeeec66560:   29694fd5b5d90010 00007ffeeec665af
0x00007ffeeec66570:   00007fbc68cd6880 00007ffeeec66660
0x00007ffeeec66580:   00007ffeeec66d20 0000000000000000
0x00007ffeeec66590:   00007ffeeec665e0 00007fff369eb9a9
0x00007ffeeec665a0:   00007fff369f73ad 00007fff8f536580 

Instructions: (pc=0x0000000101bd6a4b)
0x0000000101bd6a2b:   b8 55 21 ff ff 41 03 84 24 90 00 00 00 83 f8 02
0x0000000101bd6a3b:   72 0a 48 89 df e8 f9 6d 31 00 31 db 48 89 5d d8
0x0000000101bd6a4b:   c7 83 b8 03 00 00 05 00 00 00 be 01 00 00 00 48
0x0000000101bd6a5b:   89 df e8 ee 1f 33 00 48 8d 05 87 31 58 00 83 38 

Stack slot to memory mapping:
stack at sp + 0 slots: 0x00007ffeeec663e0 is pointing into the stack for thread: 0x00007fbc697d5000
stack at sp + 1 slots: 0x0 is NULL
stack at sp + 2 slots: 0x00007fbc68d78ac0 points into unknown readable memory: 51 22 f1 8f ff ff 1d 00
stack at sp + 3 slots: 0x00007fbc6b2934c0 points into unknown readable memory: 41 c3 a9 27 01 80 3d 05
stack at sp + 4 slots: 0x00007fbc6a47fb40 points into unknown readable memory: f0 42 10 02 01 00 00 00
stack at sp + 5 slots: 0x00007fff6cddce00: objc_msgSend+0 in /usr/lib/libobjc.A.dylib at 0x00007fff6cdd6000
stack at sp + 6 slots: 0x00007ffeeec66400 is pointing into the stack for thread: 0x00007fbc697d5000
stack at sp + 7 slots: 0x00007fff3b1fff07: -[JNFWeakJObjectWrapper _getWithEnv:]+0x1b in /System/Library/Frameworks/JavaVM.framework/Versions/A/Frameworks/JavaNativeFoundation.framework/Versions/A/JavaNativeFoundation at 0x00007fff3b1f9000


---------------  P R O C E S S  ---------------

Threads class SMR info:
_java_thread_list=0x00007fbc6cb607d0, length=18, elements={
0x00007fbc69022800, 0x00007fbc69001000, 0x00007fbc6a09c000, 0x00007fbc6a0a5000,
0x00007fbc6a0a6000, 0x00007fbc6a0a6800, 0x00007fbc6a847000, 0x00007fbc6a0da000,
0x00007fbc69319000, 0x00007fbc6a4df800, 0x00007fbc69bae000, 0x00007fbc69bae800,
0x00007fbc6a778000, 0x00007fbc69baf800, 0x00007fbc6a4a6000, 0x00007fbc6a7f7000,
0x00007fbc69806000, 0x00007fbc697d5000
}

Java Threads: ( => current thread )
  0x00007fbc69022800 JavaThread "Reference Handler" daemon [_thread_blocked, id=13315, stack(0x000070000e58d000,0x000070000e68d000)]
  0x00007fbc69001000 JavaThread "Finalizer" daemon [_thread_blocked, id=13571, stack(0x000070000e690000,0x000070000e790000)]
  0x00007fbc6a09c000 JavaThread "Signal Dispatcher" daemon [_thread_blocked, id=17155, stack(0x000070000e899000,0x000070000e999000)]
  0x00007fbc6a0a5000 JavaThread "C2 CompilerThread0" daemon [_thread_blocked, id=15619, stack(0x000070000e99c000,0x000070000ea9c000)]
  0x00007fbc6a0a6000 JavaThread "C1 CompilerThread0" daemon [_thread_blocked, id=16387, stack(0x000070000ea9f000,0x000070000eb9f000)]
  0x00007fbc6a0a6800 JavaThread "Sweeper thread" daemon [_thread_blocked, id=43267, stack(0x000070000eba2000,0x000070000eca2000)]
  0x00007fbc6a847000 JavaThread "Common-Cleaner" daemon [_thread_blocked, id=22019, stack(0x000070000eca5000,0x000070000eda5000)]
  0x00007fbc6a0da000 JavaThread "Service Thread" daemon [_thread_blocked, id=41731, stack(0x000070000eeab000,0x000070000efab000)]
  0x00007fbc69319000 JavaThread "InvokeLaterDispatcher" daemon [_thread_blocked, id=37127, stack(0x000070000f1b4000,0x000070000f2b4000)]
  0x00007fbc6a4df800 JavaThread "Thread-2" daemon [_thread_in_native, id=45827, stack(0x000070000eda8000,0x000070000ee28000)]
  0x00007fbc69bae000 JavaThread "Java2D Disposer" daemon [_thread_blocked, id=58123, stack(0x000070000f7cc000,0x000070000f8cc000)]
  0x00007fbc69bae800 JavaThread "Java2D Queue Flusher" daemon [_thread_blocked, id=74243, stack(0x000070000f8cf000,0x000070000f9cf000)]
  0x00007fbc6a778000 JavaThread "AWT-Shutdown" [_thread_blocked, id=63491, stack(0x000070000fad5000,0x000070000fbd5000)]
  0x00007fbc69baf800 JavaThread "AWT-EventQueue-0" [_thread_in_native, id=71427, stack(0x000070000fbd8000,0x000070000fcd8000)]
  0x00007fbc6a4a6000 JavaThread "Prism Font Disposer" daemon [_thread_blocked, id=65815, stack(0x000070000fdde000,0x000070000fede000)]
  0x00007fbc6a7f7000 JavaThread "Cleaner-0" daemon [_thread_blocked, id=67607, stack(0x000070000fee1000,0x000070000ffe1000)]
  0x00007fbc69806000 JavaThread "DestroyJavaVM" [_thread_blocked, id=10243, stack(0x000070000de78000,0x000070000df78000)]
=>0x00007fbc697d5000 JavaThread "AppKit Thread" daemon [_thread_in_native, id=775, stack(0x00007ffeee46b000,0x00007ffeeec6b000)]

Other Threads:
  0x00007fbc6982e800 VMThread "VM Thread" [stack: 0x000070000e48a000,0x000070000e58a000] [id=12803]
  0x00007fbc69837000 WatcherThread [stack: 0x000070000efae000,0x000070000f0ae000] [id=23043]
  0x00007fbc6a009000 GCTaskThread "GC Thread#0" [stack: 0x000070000df7b000,0x000070000e07b000] [id=21251]
  0x00007fbc69023800 GCTaskThread "GC Thread#1" [stack: 0x000070000f2b7000,0x000070000f3b7000] [id=27395]
  0x00007fbc69319800 GCTaskThread "GC Thread#2" [stack: 0x000070000f3ba000,0x000070000f4ba000] [id=27907]
  0x00007fbc6932f000 GCTaskThread "GC Thread#3" [stack: 0x000070000f4bd000,0x000070000f5bd000] [id=36099]
  0x00007fbc69826800 ConcurrentGCThread "G1 Main Marker" [stack: 0x000070000e07e000,0x000070000e17e000] [id=20739]
  0x00007fbc6a00f800 ConcurrentGCThread "G1 Conc#0" [stack: 0x000070000e181000,0x000070000e281000] [id=20483]
  0x00007fbc6a060800 ConcurrentGCThread "G1 Refine#0" [stack: 0x000070000e284000,0x000070000e384000] [id=12291]
  0x00007fbc6a061000 ConcurrentGCThread "G1 Young RemSet Sampling" [stack: 0x000070000e387000,0x000070000e487000] [id=12547]

Threads with active compile tasks:

VM state:not at safepoint (normal execution)

VM Mutex/Monitor currently owned by a thread: None

Heap address: 0x0000000780000000, size: 2048 MB, Compressed Oops mode: Zero based, Oop shift amount: 3
Narrow klass base: 0x0000000800000000, Narrow klass shift: 0
Compressed class space size: 1073741824 Address: 0x0000000800000000

Heap:
 garbage-first heap   total 131072K, used 34949K [0x0000000780000000, 0x0000000800000000)
  region size 1024K, 28 young (28672K), 7 survivors (7168K)
 Metaspace       used 25583K, capacity 26361K, committed 26544K, reserved 1073152K
  class space    used 3103K, capacity 3482K, committed 3584K, reserved 1048576K
Heap Regions: E=young(eden), S=young(survivor), O=old, HS=humongous(starts), HC=humongous(continues), CS=collection set, F=free, A=archive, TAMS=top-at-mark-start (previous, next)
|   0|0x0000000780000000, 0x0000000780100000, 0x0000000780100000|100%|HS|  |TAMS 0x0000000780100000, 0x0000000780000000| Complete 
|   1|0x0000000780100000, 0x0000000780200000, 0x0000000780200000|100%|HC|  |TAMS 0x0000000780200000, 0x0000000780100000| Complete 
|   2|0x0000000780200000, 0x0000000780300000, 0x0000000780300000|100%|HC|  |TAMS 0x0000000780300000, 0x0000000780200000| Complete 
|   3|0x0000000780300000, 0x0000000780400000, 0x0000000780400000|100%|HS|  |TAMS 0x0000000780400000, 0x0000000780300000| Complete 
|   4|0x0000000780400000, 0x0000000780500000, 0x0000000780500000|100%|HC|  |TAMS 0x0000000780500000, 0x0000000780400000| Complete 
|   5|0x0000000780500000, 0x0000000780600000, 0x0000000780600000|100%|HC|  |TAMS 0x0000000780600000, 0x0000000780500000| Complete 
|   6|0x0000000780600000, 0x0000000780700000, 0x0000000780700000|100%|HS|  |TAMS 0x0000000780600000, 0x0000000780600000| Complete 
|   7|0x0000000780700000, 0x0000000780800000, 0x0000000780800000|100%|HC|  |TAMS 0x0000000780700000, 0x0000000780700000| Complete 
|   8|0x0000000780800000, 0x0000000780800000, 0x0000000780900000|  0%| F|  |TAMS 0x0000000780800000, 0x0000000780800000| Untracked 
|   9|0x0000000780900000, 0x0000000780900000, 0x0000000780a00000|  0%| F|  |TAMS 0x0000000780900000, 0x0000000780900000| Untracked 
|  10|0x0000000780a00000, 0x0000000780a00000, 0x0000000780b00000|  0%| F|  |TAMS 0x0000000780a00000, 0x0000000780a00000| Untracked 
|  11|0x0000000780b00000, 0x0000000780b00000, 0x0000000780c00000|  0%| F|  |TAMS 0x0000000780b00000, 0x0000000780b00000| Untracked 
|  12|0x0000000780c00000, 0x0000000780c00000, 0x0000000780d00000|  0%| F|  |TAMS 0x0000000780c00000, 0x0000000780c00000| Untracked 
|  13|0x0000000780d00000, 0x0000000780d00000, 0x0000000780e00000|  0%| F|  |TAMS 0x0000000780d00000, 0x0000000780d00000| Untracked 
|  14|0x0000000780e00000, 0x0000000780e00000, 0x0000000780f00000|  0%| F|  |TAMS 0x0000000780e00000, 0x0000000780e00000| Untracked 
|  15|0x0000000780f00000, 0x0000000780f00000, 0x0000000781000000|  0%| F|  |TAMS 0x0000000780f00000, 0x0000000780f00000| Untracked 
|  16|0x0000000781000000, 0x0000000781000000, 0x0000000781100000|  0%| F|  |TAMS 0x0000000781000000, 0x0000000781000000| Untracked 
|  17|0x0000000781100000, 0x0000000781100000, 0x0000000781200000|  0%| F|  |TAMS 0x0000000781100000, 0x0000000781100000| Untracked 
|  18|0x0000000781200000, 0x0000000781200000, 0x0000000781300000|  0%| F|  |TAMS 0x0000000781200000, 0x0000000781200000| Untracked 
|  19|0x0000000781300000, 0x0000000781300000, 0x0000000781400000|  0%| F|  |TAMS 0x0000000781300000, 0x0000000781300000| Untracked 
|  20|0x0000000781400000, 0x0000000781400000, 0x0000000781500000|  0%| F|  |TAMS 0x0000000781400000, 0x0000000781400000| Untracked 
|  21|0x0000000781500000, 0x0000000781500000, 0x0000000781600000|  0%| F|  |TAMS 0x0000000781500000, 0x0000000781500000| Untracked 
|  22|0x0000000781600000, 0x0000000781600000, 0x0000000781700000|  0%| F|  |TAMS 0x0000000781600000, 0x0000000781600000| Untracked 
|  23|0x0000000781700000, 0x0000000781700000, 0x0000000781800000|  0%| F|  |TAMS 0x0000000781700000, 0x0000000781700000| Untracked 
|  24|0x0000000781800000, 0x0000000781800000, 0x0000000781900000|  0%| F|  |TAMS 0x0000000781800000, 0x0000000781800000| Untracked 
|  25|0x0000000781900000, 0x0000000781900000, 0x0000000781a00000|  0%| F|  |TAMS 0x0000000781900000, 0x0000000781900000| Untracked 
|  26|0x0000000781a00000, 0x0000000781a00000, 0x0000000781b00000|  0%| F|  |TAMS 0x0000000781a00000, 0x0000000781a00000| Untracked 
|  27|0x0000000781b00000, 0x0000000781b00000, 0x0000000781c00000|  0%| F|  |TAMS 0x0000000781b00000, 0x0000000781b00000| Untracked 
|  28|0x0000000781c00000, 0x0000000781c00000, 0x0000000781d00000|  0%| F|  |TAMS 0x0000000781c00000, 0x0000000781c00000| Untracked 
|  29|0x0000000781d00000, 0x0000000781d00000, 0x0000000781e00000|  0%| F|  |TAMS 0x0000000781d00000, 0x0000000781d00000| Untracked 
|  30|0x0000000781e00000, 0x0000000781e00000, 0x0000000781f00000|  0%| F|  |TAMS 0x0000000781e00000, 0x0000000781e00000| Untracked 
|  31|0x0000000781f00000, 0x0000000781f00000, 0x0000000782000000|  0%| F|  |TAMS 0x0000000781f00000, 0x0000000781f00000| Untracked 
|  32|0x0000000782000000, 0x0000000782000000, 0x0000000782100000|  0%| F|  |TAMS 0x0000000782000000, 0x0000000782000000| Untracked 
|  33|0x0000000782100000, 0x0000000782100000, 0x0000000782200000|  0%| F|  |TAMS 0x0000000782100000, 0x0000000782100000| Untracked 
|  34|0x0000000782200000, 0x0000000782200000, 0x0000000782300000|  0%| F|  |TAMS 0x0000000782200000, 0x0000000782200000| Untracked 
|  35|0x0000000782300000, 0x0000000782300000, 0x0000000782400000|  0%| F|  |TAMS 0x0000000782300000, 0x0000000782300000| Untracked 
|  36|0x0000000782400000, 0x0000000782400000, 0x0000000782500000|  0%| F|  |TAMS 0x0000000782400000, 0x0000000782400000| Untracked 
|  37|0x0000000782500000, 0x0000000782500000, 0x0000000782600000|  0%| F|  |TAMS 0x0000000782500000, 0x0000000782500000| Untracked 
|  38|0x0000000782600000, 0x0000000782600000, 0x0000000782700000|  0%| F|  |TAMS 0x0000000782600000, 0x0000000782600000| Untracked 
|  39|0x0000000782700000, 0x0000000782700000, 0x0000000782800000|  0%| F|  |TAMS 0x0000000782700000, 0x0000000782700000| Untracked 
|  40|0x0000000782800000, 0x0000000782800000, 0x0000000782900000|  0%| F|  |TAMS 0x0000000782800000, 0x0000000782800000| Untracked 
|  41|0x0000000782900000, 0x0000000782900000, 0x0000000782a00000|  0%| F|  |TAMS 0x0000000782900000, 0x0000000782900000| Untracked 
|  42|0x0000000782a00000, 0x0000000782a00000, 0x0000000782b00000|  0%| F|  |TAMS 0x0000000782a00000, 0x0000000782a00000| Untracked 
|  43|0x0000000782b00000, 0x0000000782b00000, 0x0000000782c00000|  0%| F|  |TAMS 0x0000000782b00000, 0x0000000782b00000| Untracked 
|  44|0x0000000782c00000, 0x0000000782c00000, 0x0000000782d00000|  0%| F|  |TAMS 0x0000000782c00000, 0x0000000782c00000| Untracked 
|  45|0x0000000782d00000, 0x0000000782d00000, 0x0000000782e00000|  0%| F|  |TAMS 0x0000000782d00000, 0x0000000782d00000| Untracked 
|  46|0x0000000782e00000, 0x0000000782e00000, 0x0000000782f00000|  0%| F|  |TAMS 0x0000000782e00000, 0x0000000782e00000| Untracked 
|  47|0x0000000782f00000, 0x0000000782f00000, 0x0000000783000000|  0%| F|  |TAMS 0x0000000782f00000, 0x0000000782f00000| Untracked 
|  48|0x0000000783000000, 0x0000000783000000, 0x0000000783100000|  0%| F|  |TAMS 0x0000000783000000, 0x0000000783000000| Untracked 
|  49|0x0000000783100000, 0x0000000783100000, 0x0000000783200000|  0%| F|  |TAMS 0x0000000783100000, 0x0000000783100000| Untracked 
|  50|0x0000000783200000, 0x0000000783200000, 0x0000000783300000|  0%| F|  |TAMS 0x0000000783200000, 0x0000000783200000| Untracked 
|  51|0x0000000783300000, 0x0000000783300000, 0x0000000783400000|  0%| F|  |TAMS 0x0000000783300000, 0x0000000783300000| Untracked 
|  52|0x0000000783400000, 0x0000000783400000, 0x0000000783500000|  0%| F|  |TAMS 0x0000000783400000, 0x0000000783400000| Untracked 
|  53|0x0000000783500000, 0x0000000783500000, 0x0000000783600000|  0%| F|  |TAMS 0x0000000783500000, 0x0000000783500000| Untracked 
|  54|0x0000000783600000, 0x0000000783600000, 0x0000000783700000|  0%| F|  |TAMS 0x0000000783600000, 0x0000000783600000| Untracked 
|  55|0x0000000783700000, 0x0000000783700000, 0x0000000783800000|  0%| F|  |TAMS 0x0000000783700000, 0x0000000783700000| Untracked 
|  56|0x0000000783800000, 0x0000000783800000, 0x0000000783900000|  0%| F|  |TAMS 0x0000000783800000, 0x0000000783800000| Untracked 
|  57|0x0000000783900000, 0x0000000783900000, 0x0000000783a00000|  0%| F|  |TAMS 0x0000000783900000, 0x0000000783900000| Untracked 
|  58|0x0000000783a00000, 0x0000000783a00000, 0x0000000783b00000|  0%| F|  |TAMS 0x0000000783a00000, 0x0000000783a00000| Untracked 
|  59|0x0000000783b00000, 0x0000000783b00000, 0x0000000783c00000|  0%| F|  |TAMS 0x0000000783b00000, 0x0000000783b00000| Untracked 
|  60|0x0000000783c00000, 0x0000000783c00000, 0x0000000783d00000|  0%| F|  |TAMS 0x0000000783c00000, 0x0000000783c00000| Untracked 
|  61|0x0000000783d00000, 0x0000000783d00000, 0x0000000783e00000|  0%| F|  |TAMS 0x0000000783d00000, 0x0000000783d00000| Untracked 
|  62|0x0000000783e00000, 0x0000000783e00000, 0x0000000783f00000|  0%| F|  |TAMS 0x0000000783e00000, 0x0000000783e00000| Untracked 
|  63|0x0000000783f00000, 0x0000000783f00000, 0x0000000784000000|  0%| F|  |TAMS 0x0000000783f00000, 0x0000000783f00000| Untracked 
|  64|0x0000000784000000, 0x0000000784000000, 0x0000000784100000|  0%| F|  |TAMS 0x0000000784000000, 0x0000000784000000| Untracked 
|  65|0x0000000784100000, 0x0000000784100000, 0x0000000784200000|  0%| F|  |TAMS 0x0000000784100000, 0x0000000784100000| Untracked 
|  66|0x0000000784200000, 0x0000000784200000, 0x0000000784300000|  0%| F|  |TAMS 0x0000000784200000, 0x0000000784200000| Untracked 
|  67|0x0000000784300000, 0x0000000784300000, 0x0000000784400000|  0%| F|  |TAMS 0x0000000784300000, 0x0000000784300000| Untracked 
|  68|0x0000000784400000, 0x0000000784400000, 0x0000000784500000|  0%| F|  |TAMS 0x0000000784400000, 0x0000000784400000| Untracked 
|  69|0x0000000784500000, 0x0000000784500000, 0x0000000784600000|  0%| F|  |TAMS 0x0000000784500000, 0x0000000784500000| Untracked 
|  70|0x0000000784600000, 0x0000000784600000, 0x0000000784700000|  0%| F|  |TAMS 0x0000000784600000, 0x0000000784600000| Untracked 
|  71|0x0000000784700000, 0x0000000784700000, 0x0000000784800000|  0%| F|  |TAMS 0x0000000784700000, 0x0000000784700000| Untracked 
|  72|0x0000000784800000, 0x0000000784800000, 0x0000000784900000|  0%| F|  |TAMS 0x0000000784800000, 0x0000000784800000| Untracked 
|  73|0x0000000784900000, 0x0000000784900000, 0x0000000784a00000|  0%| F|  |TAMS 0x0000000784900000, 0x0000000784900000| Untracked 
|  74|0x0000000784a00000, 0x0000000784a00000, 0x0000000784b00000|  0%| F|  |TAMS 0x0000000784a00000, 0x0000000784a00000| Untracked 
|  75|0x0000000784b00000, 0x0000000784b00000, 0x0000000784c00000|  0%| F|  |TAMS 0x0000000784b00000, 0x0000000784b00000| Untracked 
|  76|0x0000000784c00000, 0x0000000784c00000, 0x0000000784d00000|  0%| F|  |TAMS 0x0000000784c00000, 0x0000000784c00000| Untracked 
|  77|0x0000000784d00000, 0x0000000784d00000, 0x0000000784e00000|  0%| F|  |TAMS 0x0000000784d00000, 0x0000000784d00000| Untracked 
|  78|0x0000000784e00000, 0x0000000784e00000, 0x0000000784f00000|  0%| F|  |TAMS 0x0000000784e00000, 0x0000000784e00000| Untracked 
|  79|0x0000000784f00000, 0x0000000784f00000, 0x0000000785000000|  0%| F|  |TAMS 0x0000000784f00000, 0x0000000784f00000| Untracked 
|  80|0x0000000785000000, 0x0000000785000000, 0x0000000785100000|  0%| F|  |TAMS 0x0000000785000000, 0x0000000785000000| Untracked 
|  81|0x0000000785100000, 0x0000000785100000, 0x0000000785200000|  0%| F|  |TAMS 0x0000000785100000, 0x0000000785100000| Untracked 
|  82|0x0000000785200000, 0x0000000785200000, 0x0000000785300000|  0%| F|  |TAMS 0x0000000785200000, 0x0000000785200000| Untracked 
|  83|0x0000000785300000, 0x0000000785300000, 0x0000000785400000|  0%| F|  |TAMS 0x0000000785300000, 0x0000000785300000| Untracked 
|  84|0x0000000785400000, 0x0000000785400000, 0x0000000785500000|  0%| F|  |TAMS 0x0000000785400000, 0x0000000785400000| Untracked 
|  85|0x0000000785500000, 0x0000000785500000, 0x0000000785600000|  0%| F|  |TAMS 0x0000000785500000, 0x0000000785500000| Untracked 
|  86|0x0000000785600000, 0x0000000785600000, 0x0000000785700000|  0%| F|  |TAMS 0x0000000785600000, 0x0000000785600000| Untracked 
|  87|0x0000000785700000, 0x0000000785700000, 0x0000000785800000|  0%| F|  |TAMS 0x0000000785700000, 0x0000000785700000| Untracked 
|  88|0x0000000785800000, 0x0000000785800000, 0x0000000785900000|  0%| F|  |TAMS 0x0000000785800000, 0x0000000785800000| Untracked 
|  89|0x0000000785900000, 0x0000000785900000, 0x0000000785a00000|  0%| F|  |TAMS 0x0000000785900000, 0x0000000785900000| Untracked 
|  90|0x0000000785a00000, 0x0000000785a00000, 0x0000000785b00000|  0%| F|  |TAMS 0x0000000785a00000, 0x0000000785a00000| Untracked 
|  91|0x0000000785b00000, 0x0000000785b00000, 0x0000000785c00000|  0%| F|  |TAMS 0x0000000785b00000, 0x0000000785b00000| Untracked 
|  92|0x0000000785c00000, 0x0000000785c00000, 0x0000000785d00000|  0%| F|  |TAMS 0x0000000785c00000, 0x0000000785c00000| Untracked 
|  93|0x0000000785d00000, 0x0000000785d00000, 0x0000000785e00000|  0%| F|  |TAMS 0x0000000785d00000, 0x0000000785d00000| Untracked 
|  94|0x0000000785e00000, 0x0000000785e00000, 0x0000000785f00000|  0%| F|  |TAMS 0x0000000785e00000, 0x0000000785e00000| Untracked 
|  95|0x0000000785f00000, 0x0000000785f00000, 0x0000000786000000|  0%| F|  |TAMS 0x0000000785f00000, 0x0000000785f00000| Untracked 
|  96|0x0000000786000000, 0x0000000786000000, 0x0000000786100000|  0%| F|  |TAMS 0x0000000786000000, 0x0000000786000000| Untracked 
|  97|0x0000000786100000, 0x0000000786100000, 0x0000000786200000|  0%| F|  |TAMS 0x0000000786100000, 0x0000000786100000| Untracked 
|  98|0x0000000786200000, 0x0000000786200000, 0x0000000786300000|  0%| F|  |TAMS 0x0000000786200000, 0x0000000786200000| Untracked 
|  99|0x0000000786300000, 0x0000000786300000, 0x0000000786400000|  0%| F|  |TAMS 0x0000000786300000, 0x0000000786300000| Untracked 
| 100|0x0000000786400000, 0x0000000786446390, 0x0000000786500000| 27%| E|  |TAMS 0x0000000786400000, 0x0000000786400000| Complete 
| 101|0x0000000786500000, 0x0000000786600000, 0x0000000786600000|100%| E|CS|TAMS 0x0000000786500000, 0x0000000786500000| Complete 
| 102|0x0000000786600000, 0x0000000786700000, 0x0000000786700000|100%| E|CS|TAMS 0x0000000786600000, 0x0000000786600000| Complete 
| 103|0x0000000786700000, 0x0000000786800000, 0x0000000786800000|100%| E|CS|TAMS 0x0000000786700000, 0x0000000786700000| Complete 
| 104|0x0000000786800000, 0x0000000786900000, 0x0000000786900000|100%| E|CS|TAMS 0x0000000786800000, 0x0000000786800000| Complete 
| 105|0x0000000786900000, 0x0000000786a00000, 0x0000000786a00000|100%| E|CS|TAMS 0x0000000786900000, 0x0000000786900000| Complete 
| 106|0x0000000786a00000, 0x0000000786b00000, 0x0000000786b00000|100%| E|CS|TAMS 0x0000000786a00000, 0x0000000786a00000| Complete 
| 107|0x0000000786b00000, 0x0000000786c00000, 0x0000000786c00000|100%| E|CS|TAMS 0x0000000786b00000, 0x0000000786b00000| Complete 
| 108|0x0000000786c00000, 0x0000000786d00000, 0x0000000786d00000|100%| E|CS|TAMS 0x0000000786c00000, 0x0000000786c00000| Complete 
| 109|0x0000000786d00000, 0x0000000786e00000, 0x0000000786e00000|100%| E|CS|TAMS 0x0000000786d00000, 0x0000000786d00000| Complete 
| 110|0x0000000786e00000, 0x0000000786f00000, 0x0000000786f00000|100%| E|CS|TAMS 0x0000000786e00000, 0x0000000786e00000| Complete 
| 111|0x0000000786f00000, 0x0000000787000000, 0x0000000787000000|100%| E|CS|TAMS 0x0000000786f00000, 0x0000000786f00000| Complete 
| 112|0x0000000787000000, 0x0000000787021700, 0x0000000787100000| 13%| S|CS|TAMS 0x0000000787000000, 0x0000000787000000| Complete 
| 113|0x0000000787100000, 0x0000000787200000, 0x0000000787200000|100%| S|CS|TAMS 0x0000000787100000, 0x0000000787100000| Complete 
| 114|0x0000000787200000, 0x0000000787300000, 0x0000000787300000|100%| S|CS|TAMS 0x0000000787200000, 0x0000000787200000| Complete 
| 115|0x0000000787300000, 0x0000000787400000, 0x0000000787400000|100%| S|CS|TAMS 0x0000000787300000, 0x0000000787300000| Complete 
| 116|0x0000000787400000, 0x0000000787500000, 0x0000000787500000|100%| S|CS|TAMS 0x0000000787400000, 0x0000000787400000| Complete 
| 117|0x0000000787500000, 0x0000000787600000, 0x0000000787600000|100%| S|CS|TAMS 0x0000000787500000, 0x0000000787500000| Complete 
| 118|0x0000000787600000, 0x0000000787700000, 0x0000000787700000|100%| S|CS|TAMS 0x0000000787600000, 0x0000000787600000| Complete 
| 119|0x0000000787700000, 0x0000000787800000, 0x0000000787800000|100%| E|CS|TAMS 0x0000000787700000, 0x0000000787700000| Complete 
| 120|0x0000000787800000, 0x0000000787900000, 0x0000000787900000|100%| E|CS|TAMS 0x0000000787800000, 0x0000000787800000| Complete 
| 121|0x0000000787900000, 0x0000000787a00000, 0x0000000787a00000|100%| E|CS|TAMS 0x0000000787900000, 0x0000000787900000| Complete 
| 122|0x0000000787a00000, 0x0000000787b00000, 0x0000000787b00000|100%| E|CS|TAMS 0x0000000787a00000, 0x0000000787a00000| Complete 
| 123|0x0000000787b00000, 0x0000000787c00000, 0x0000000787c00000|100%| E|CS|TAMS 0x0000000787b00000, 0x0000000787b00000| Complete 
| 124|0x0000000787c00000, 0x0000000787d00000, 0x0000000787d00000|100%| E|CS|TAMS 0x0000000787c00000, 0x0000000787c00000| Complete 
| 125|0x0000000787d00000, 0x0000000787e00000, 0x0000000787e00000|100%| E|CS|TAMS 0x0000000787d00000, 0x0000000787d00000| Complete 
| 126|0x0000000787e00000, 0x0000000787f00000, 0x0000000787f00000|100%| E|CS|TAMS 0x0000000787e00000, 0x0000000787e00000| Complete 
| 127|0x0000000787f00000, 0x0000000788000000, 0x0000000788000000|100%| E|CS|TAMS 0x0000000787f00000, 0x0000000787f00000| Complete 

Card table byte_map: [0x0000000102fa8000,0x00000001033a8000] _byte_map_base: 0x00000000ff3a8000

Marking Bits (Prev, Next): (CMBitMap*) 0x00007fbc6981de50, (CMBitMap*) 0x00007fbc6981de18
 Prev Bits: [0x000000011e115000, 0x0000000120115000)
 Next Bits: [0x00000001037a8000, 0x00000001057a8000)

Polling page: 0x0000000100ff9000

Metaspace:

Usage:
  Non-class:     22.34 MB capacity,    21.95 MB ( 98%) used,   305.11 KB (  1%) free+waste,    93.44 KB ( <1%) overhead. 
      Class:      3.40 MB capacity,     3.03 MB ( 89%) used,   329.00 KB (  9%) free+waste,    49.81 KB (  1%) overhead. 
       Both:     25.74 MB capacity,    24.98 MB ( 97%) used,   634.11 KB (  2%) free+waste,   143.25 KB ( <1%) overhead. 

Virtual space:
  Non-class space:       24.00 MB reserved,      22.42 MB ( 93%) committed 
      Class space:        1.00 GB reserved,       3.50 MB ( <1%) committed 
             Both:        1.02 GB reserved,      25.92 MB (  2%) committed 

Chunk freelists:
   Non-Class:  5.62 KB
       Class:  768 bytes
        Both:  6.38 KB

CodeHeap 'non-profiled nmethods': size=120032Kb used=791Kb max_used=832Kb free=119240Kb
 bounds [0x0000000116bdd000, 0x0000000116e4d000, 0x000000011e115000]
CodeHeap 'profiled nmethods': size=120032Kb used=3639Kb max_used=4032Kb free=116392Kb
 bounds [0x000000010f6a5000, 0x000000010faa5000, 0x0000000116bdd000]
CodeHeap 'non-nmethods': size=5696Kb used=1415Kb max_used=1434Kb free=4281Kb
 bounds [0x000000010f115000, 0x000000010f385000, 0x000000010f6a5000]
 total_blobs=3547 nmethods=1947 adapters=805
 compilation: enabled
              stopped_count=0, restarted_count=0
 full_count=0

Compilation events (10 events):
Event: 337.609 Thread 0x00007fbc6a0a6000 nmethod 2196 0x000000010f6b0d10 code [0x000000010f6b0fa0, 0x000000010f6b1cb8]
Event: 337.609 Thread 0x00007fbc6a0a6000 2199       1       jdk.internal.org.objectweb.asm.MethodWriter::visitEnd (1 bytes)
Event: 337.609 Thread 0x00007fbc6a0a6000 nmethod 2199 0x0000000116c23a90 code [0x0000000116c23c40, 0x0000000116c23d50]
Event: 337.609 Thread 0x00007fbc6a0a6000 2197       3       java.lang.invoke.LambdaForm::identityForm (27 bytes)
Event: 337.610 Thread 0x00007fbc6a0a6000 nmethod 2197 0x000000010f6b6110 code [0x000000010f6b62e0, 0x000000010f6b6528]
Event: 337.610 Thread 0x00007fbc6a0a6000 2198       3       java.lang.invoke.MethodHandleImpl$IntrinsicMethodHandle::<init> (20 bytes)
Event: 337.610 Thread 0x00007fbc6a0a6000 nmethod 2198 0x000000010f6b5610 code [0x000000010f6b5820, 0x000000010f6b5ef8]
Event: 337.615 Thread 0x00007fbc6a0a5000 nmethod 2193 0x0000000116c22210 code [0x0000000116c22400, 0x0000000116c232f8]
Event: 337.616 Thread 0x00007fbc6a0a5000 2200       4       jdk.internal.org.objectweb.asm.ByteVector::putInt (74 bytes)
Event: 337.617 Thread 0x00007fbc6a0a5000 nmethod 2200 0x0000000116c21e10 code [0x0000000116c21fa0, 0x0000000116c220f8]

GC Heap History (6 events):
Event: 0.637 GC heap before
{Heap before GC invocations=0 (full 0):
 garbage-first heap   total 131072K, used 14336K [0x0000000780000000, 0x0000000800000000)
  region size 1024K, 14 young (14336K), 0 survivors (0K)
 Metaspace       used 8904K, capacity 9185K, committed 9472K, reserved 1058816K
  class space    used 885K, capacity 1004K, committed 1024K, reserved 1048576K
}
Event: 0.640 GC heap after
{Heap after GC invocations=1 (full 0):
 garbage-first heap   total 131072K, used 1774K [0x0000000780000000, 0x0000000800000000)
  region size 1024K, 2 young (2048K), 2 survivors (2048K)
 Metaspace       used 8904K, capacity 9185K, committed 9472K, reserved 1058816K
  class space    used 885K, capacity 1004K, committed 1024K, reserved 1048576K
}
Event: 3.051 GC heap before
{Heap before GC invocations=1 (full 0):
 garbage-first heap   total 131072K, used 79598K [0x0000000780000000, 0x0000000800000000)
  region size 1024K, 76 young (77824K), 2 survivors (2048K)
 Metaspace       used 18454K, capacity 19018K, committed 19328K, reserved 1067008K
  class space    used 2076K, capacity 2315K, committed 2432K, reserved 1048576K
}
Event: 3.059 GC heap after
{Heap after GC invocations=2 (full 0):
 garbage-first heap   total 131072K, used 7734K [0x0000000780000000, 0x0000000800000000)
  region size 1024K, 5 young (5120K), 5 survivors (5120K)
 Metaspace       used 18454K, capacity 19018K, committed 19328K, reserved 1067008K
  class space    used 2076K, capacity 2315K, committed 2432K, reserved 1048576K
}
Event: 3.256 GC heap before
{Heap before GC invocations=2 (full 0):
 garbage-first heap   total 131072K, used 18998K [0x0000000780000000, 0x0000000800000000)
  region size 1024K, 14 young (14336K), 5 survivors (5120K)
 Metaspace       used 20472K, capacity 21036K, committed 21296K, reserved 1069056K
  class space    used 2371K, capacity 2627K, committed 2688K, reserved 1048576K
}
Event: 3.264 GC heap after
{Heap after GC invocations=3 (full 0):
 garbage-first heap   total 131072K, used 12421K [0x0000000780000000, 0x0000000800000000)
  region size 1024K, 7 young (7168K), 7 survivors (7168K)
 Metaspace       used 20472K, capacity 21036K, committed 21296K, reserved 1069056K
  class space    used 2371K, capacity 2627K, committed 2688K, reserved 1048576K
}

Deoptimization events (10 events):
Event: 3.742 Thread 0x00007fbc6a47f800 Uncommon trap: reason=unstable_if action=reinterpret pc=0x0000000116c2cdac method=java.lang.CharacterData.of(I)Ljava/lang/CharacterData; @ 4 c2
Event: 3.745 Thread 0x00007fbc6a47f800 Uncommon trap: reason=unstable_if action=reinterpret pc=0x0000000116be8680 method=java.lang.String.isLatin1()Z @ 10 c2
Event: 3.745 Thread 0x00007fbc6a47f800 Uncommon trap: reason=unstable_if action=reinterpret pc=0x0000000116c64a8c method=java.lang.String.equals(Ljava/lang/Object;)Z @ 34 c2
Event: 3.790 Thread 0x00007fbc6a47f800 Uncommon trap: reason=bimorphic_or_optimized_type_check action=maybe_recompile pc=0x0000000116c619fc method=java.util.HashMap.getNode(ILjava/lang/Object;)Ljava/util/HashMap$Node; @ 126 c2
Event: 3.790 Thread 0x00007fbc6a47f800 Uncommon trap: reason=bimorphic_or_optimized_type_check action=maybe_recompile pc=0x0000000116c619fc method=java.util.HashMap.getNode(ILjava/lang/Object;)Ljava/util/HashMap$Node; @ 126 c2
Event: 3.791 Thread 0x00007fbc6a47f800 Uncommon trap: reason=bimorphic_or_optimized_type_check action=maybe_recompile pc=0x0000000116c619fc method=java.util.HashMap.getNode(ILjava/lang/Object;)Ljava/util/HashMap$Node; @ 126 c2
Event: 3.803 Thread 0x00007fbc6a47f800 Uncommon trap: reason=bimorphic_or_optimized_type_check action=maybe_recompile pc=0x0000000116c619fc method=java.util.HashMap.getNode(ILjava/lang/Object;)Ljava/util/HashMap$Node; @ 126 c2
Event: 3.806 Thread 0x00007fbc6a47f800 Uncommon trap: reason=unstable_if action=reinterpret pc=0x0000000116bfb5b8 method=java.util.HashMap.hash(Ljava/lang/Object;)I @ 1 c2
Event: 3.806 Thread 0x00007fbc6a47f800 Uncommon trap: reason=bimorphic_or_optimized_type_check action=maybe_recompile pc=0x0000000116c5dcc8 method=java.util.HashMap.getNode(ILjava/lang/Object;)Ljava/util/HashMap$Node; @ 126 c2
Event: 368.727 Thread 0x00007fbc697d5000 Uncommon trap: reason=unstable_if action=reinterpret pc=0x0000000116c23258 method=java.security.AccessControlContext.optimize()Ljava/security/AccessControlContext; @ 49 c2

Classes redefined (0 events):
No events

Internal exceptions (10 events):
Event: 3.066 Thread 0x00007fbc6a47f800 Exception <a 'java/lang/NullPointerException'{0x0000000787f21218}> (0x0000000787f21218) thrown at [/scratch/mesos/slaves/07fc96ef-bf4d-487f-b22f-a84e49f5f44a-S27799/frameworks/1735e8a2-a1db-478c-8104-60c8b0af87dd-0196/executors/23259148-f5c6-492a-83be-44c
Event: 3.070 Thread 0x00007fbc6a47f800 Exception <a 'java/lang/NoSuchMethodError'{0x0000000787f3fe18}: java.lang.invoke.DirectMethodHandle$Holder.invokeSpecial(Ljava/lang/Object;Ljava/lang/Object;Ljava/lang/Object;Ljava/lang/Object;Ljava/lang/Object;)V> (0x0000000787f3fe18) thrown at [/scratch
Event: 3.197 Thread 0x00007fbc6a47f800 Exception <a 'java/lang/NoSuchMethodError'{0x0000000787838060}: java.lang.invoke.DirectMethodHandle$Holder.invokeStaticInit(Ljava/lang/Object;Ljava/lang/Object;)V> (0x0000000787838060) thrown at [/scratch/mesos/slaves/07fc96ef-bf4d-487f-b22f-a84e49f5f44a-
Event: 3.771 Thread 0x00007fbc6a47f800 Exception <a 'java/lang/NoSuchMethodError'{0x00000007877c7988}: java.lang.invoke.DirectMethodHandle$Holder.invokeInterface(Ljava/lang/Object;Ljava/lang/Object;Ljava/lang/Object;)Ljava/lang/Object;> (0x00000007877c7988) thrown at [/scratch/mesos/slaves/07f
Event: 3.772 Thread 0x00007fbc6a47f800 Exception <a 'java/lang/IncompatibleClassChangeError'{0x00000007877cab40}: Found class java.lang.Object, but interface was expected> (0x00000007877cab40) thrown at [/scratch/mesos/slaves/07fc96ef-bf4d-487f-b22f-a84e49f5f44a-S27799/frameworks/1735e8a2-a1db
Event: 3.806 Thread 0x00007fbc6a47f800 Implicit null exception at 0x0000000116bfb52f to 0x0000000116bfb5a9
Event: 3.934 Thread 0x00007fbc6982f800 Exception <a 'java/lang/NoSuchMethodError'{0x0000000786ca4290}: java.lang.invoke.DirectMethodHandle$Holder.invokeStaticInit(Ljava/lang/Object;Ljava/lang/Object;)I> (0x0000000786ca4290) thrown at [/scratch/mesos/slaves/07fc96ef-bf4d-487f-b22f-a84e49f5f44a-
Event: 4.490 Thread 0x00007fbc6a47f800 Exception <a 'java/lang/NoSuchMethodError'{0x000000078680d310}: java.lang.invoke.DirectMethodHandle$Holder.invokeStatic(Ljava/lang/Object;Ljava/lang/Object;JIII)Ljava/lang/Object;> (0x000000078680d310) thrown at [/scratch/mesos/slaves/07fc96ef-bf4d-487f-b
Event: 4.491 Thread 0x00007fbc6a47f800 Exception <a 'java/lang/NoSuchMethodError'{0x0000000786820f60}: java.lang.invoke.DirectMethodHandle$Holder.invokeStatic(Ljava/lang/Object;Ljava/lang/Object;ILjava/lang/Object;JIIII)Ljava/lang/Object;> (0x0000000786820f60) thrown at [/scratch/mesos/slaves/
Event: 368.727 Thread 0x00007fbc697d5000 Implicit null exception at 0x0000000116c22443 to 0x0000000116c23242

Events (10 events):
Event: 337.612 Thread 0x00007fbc6a47f800 Thread exited: 0x00007fbc6a47f800
Event: 337.612 Thread 0x00007fbc69806000 Thread exited: 0x00007fbc69806000
Event: 337.612 Thread 0x00007fbc6a726000 Thread exited: 0x00007fbc6a726000
Event: 337.612 Thread 0x00007fbc69806000 Thread added: 0x00007fbc69806000
Event: 337.617 Thread 0x00007fbc6a0a6800 flushing nmethod 0x000000010fa2cd10
Event: 337.617 Thread 0x00007fbc6a0a6800 flushing nmethod 0x000000010fa2e010
Event: 368.727 Thread 0x00007fbc697d5000 Thread added: 0x00007fbc697d5000
Event: 368.727 Thread 0x00007fbc697d5000 Uncommon trap: trap_request=0xffffff4d fr.pc=0x0000000116c23258 relative=0x0000000000000e58
Event: 368.727 Thread 0x00007fbc697d5000 DEOPT PACKING pc=0x0000000116c23258 sp=0x00007ffeeec65dd0
Event: 368.727 Thread 0x00007fbc697d5000 DEOPT UNPACKING pc=0x000000010f13d925 sp=0x00007ffeeec65d90 mode 2


Dynamic libraries:
0x00007fff359eb000 	/System/Library/Frameworks/Cocoa.framework/Versions/A/Cocoa
0x00007fff42fed000 	/System/Library/Frameworks/Security.framework/Versions/A/Security
0x00007fff34975000 	/System/Library/Frameworks/ApplicationServices.framework/Versions/A/ApplicationServices
0x00007fff6d4a7000 	/usr/lib/libz.1.dylib
0x00007fff6aee9000 	/usr/lib/libSystem.B.dylib
0x00007fff36972000 	/System/Library/Frameworks/CoreFoundation.framework/Versions/A/CoreFoundation
0x00007fff3905b000 	/System/Library/Frameworks/Foundation.framework/Versions/C/Foundation
0x00007fff6cdd6000 	/usr/lib/libobjc.A.dylib
0x00007fff33b6a000 	/System/Library/Frameworks/AppKit.framework/Versions/C/AppKit
0x00007fff3646e000 	/System/Library/Frameworks/CoreData.framework/Versions/A/CoreData
0x00007fff67791000 	/System/Library/PrivateFrameworks/UIFoundation.framework/Versions/A/UIFoundation
0x00007fff61f6d000 	/System/Library/PrivateFrameworks/RemoteViewServices.framework/Versions/A/RemoteViewServices
0x00007fff6a224000 	/System/Library/PrivateFrameworks/XCTTargetBootstrap.framework/Versions/A/XCTTargetBootstrap
0x00007fff36861000 	/System/Library/Frameworks/CoreDisplay.framework/Versions/A/CoreDisplay
0x00007fff3bdd3000 	/System/Library/Frameworks/Metal.framework/Versions/A/Metal
0x00007fff50373000 	/System/Library/PrivateFrameworks/DesktopServicesPriv.framework/Versions/A/DesktopServicesPriv
0x00007fff6c0b7000 	/usr/lib/liblangid.dylib
0x00007fff4f4bf000 	/System/Library/PrivateFrameworks/CoreSVG.framework/Versions/A/CoreSVG
0x00007fff64d34000 	/System/Library/PrivateFrameworks/SkyLight.framework/Versions/A/SkyLight
0x00007fff36df4000 	/System/Library/Frameworks/CoreGraphics.framework/Versions/A/CoreGraphics
0x00007fff325ff000 	/System/Library/Frameworks/Accelerate.framework/Versions/A/Accelerate
0x00007fff6d398000 	/usr/lib/libxml2.2.dylib
0x00007fff5b097000 	/System/Library/PrivateFrameworks/IconServices.framework/Versions/A/IconServices
0x00007fff39840000 	/System/Library/Frameworks/IOSurface.framework/Versions/A/IOSurface
0x00007fff6aa21000 	/usr/lib/libDiagnosticMessagesClient.dylib
0x00007fff501ec000 	/System/Library/PrivateFrameworks/DFRFoundation.framework/Versions/A/DFRFoundation
0x00007fff6be45000 	/usr/lib/libicucore.A.dylib
0x00007fff34ca7000 	/System/Library/Frameworks/AudioToolbox.framework/Versions/A/AudioToolbox
0x00007fff34d89000 	/System/Library/Frameworks/AudioUnit.framework/Versions/A/AudioUnit
0x00007fff6b181000 	/usr/lib/libauto.dylib
0x00007fff5026d000 	/System/Library/PrivateFrameworks/DataDetectorsCore.framework/Versions/A/DataDetectorsCore
0x00007fff3550b000 	/System/Library/Frameworks/Carbon.framework/Versions/A/Frameworks/HIToolbox.framework/Versions/A/HIToolbox
0x00007fff4221e000 	/System/Library/Frameworks/QuartzCore.framework/Versions/A/QuartzCore
0x00007fff3584a000 	/System/Library/Frameworks/Carbon.framework/Versions/A/Frameworks/SpeechRecognition.framework/Versions/A/SpeechRecognition
0x00007fff4fb72000 	/System/Library/PrivateFrameworks/CoreUI.framework/Versions/A/CoreUI
0x00007fff35ed4000 	/System/Library/Frameworks/CoreAudio.framework/Versions/A/CoreAudio
0x00007fff38d23000 	/System/Library/Frameworks/DiskArbitration.framework/Versions/A/DiskArbitration
0x00007fff5d0ac000 	/System/Library/PrivateFrameworks/MultitouchSupport.framework/Versions/A/MultitouchSupport
0x00007fff6bd0b000 	/usr/lib/libenergytrace.dylib
0x00007fff3979b000 	/System/Library/Frameworks/IOKit.framework/Versions/A/IOKit
0x00007fff37d86000 	/System/Library/Frameworks/CoreServices.framework/Versions/A/CoreServices
0x00007fff5f1b9000 	/System/Library/PrivateFrameworks/PerformanceAnalysis.framework/Versions/A/PerformanceAnalysis
0x00007fff41254000 	/System/Library/Frameworks/OpenGL.framework/Versions/A/OpenGL
0x00007fff359f9000 	/System/Library/Frameworks/ColorSync.framework/Versions/A/ColorSync
0x00007fff3749f000 	/System/Library/Frameworks/CoreImage.framework/Versions/A/CoreImage
0x00007fff387fc000 	/System/Library/Frameworks/CoreText.framework/Versions/A/CoreText
0x00007fff398c6000 	/System/Library/Frameworks/ImageIO.framework/Versions/A/ImageIO
0x00007fff6b266000 	/usr/lib/libc++.1.dylib
0x00007fff6b2e2000 	/usr/lib/libcompression.dylib
0x00007fff6ad63000 	/usr/lib/libMobileGestalt.dylib
0x00007fff66873000 	/System/Library/PrivateFrameworks/TextureIO.framework/Versions/A/TextureIO
0x00007fff6b050000 	/usr/lib/libate.dylib
0x00007fff5b2a0000 	/System/Library/PrivateFrameworks/InternationalSupport.framework/Versions/A/InternationalSupport
0x00007fff6df1d000 	/usr/lib/system/libcache.dylib
0x00007fff6df23000 	/usr/lib/system/libcommonCrypto.dylib
0x00007fff6df2f000 	/usr/lib/system/libcompiler_rt.dylib
0x00007fff6df37000 	/usr/lib/system/libcopyfile.dylib
0x00007fff6df41000 	/usr/lib/system/libcorecrypto.dylib
0x00007fff6e0ef000 	/usr/lib/system/libdispatch.dylib
0x00007fff6e131000 	/usr/lib/system/libdyld.dylib
0x00007fff6e167000 	/usr/lib/system/libkeymgr.dylib
0x00007fff6e175000 	/usr/lib/system/liblaunch.dylib
0x00007fff6e176000 	/usr/lib/system/libmacho.dylib
0x00007fff6e17c000 	/usr/lib/system/libquarantine.dylib
0x00007fff6e17f000 	/usr/lib/system/libremovefile.dylib
0x00007fff6e181000 	/usr/lib/system/libsystem_asl.dylib
0x00007fff6e199000 	/usr/lib/system/libsystem_blocks.dylib
0x00007fff6e19a000 	/usr/lib/system/libsystem_c.dylib
0x00007fff6e222000 	/usr/lib/system/libsystem_configuration.dylib
0x00007fff6e226000 	/usr/lib/system/libsystem_coreservices.dylib
0x00007fff6e22a000 	/usr/lib/system/libsystem_darwin.dylib
0x00007fff6e233000 	/usr/lib/system/libsystem_dnssd.dylib
0x00007fff6e23b000 	/usr/lib/system/libsystem_featureflags.dylib
0x00007fff6e23d000 	/usr/lib/system/libsystem_info.dylib
0x00007fff6e2b8000 	/usr/lib/system/libsystem_m.dylib
0x00007fff6e305000 	/usr/lib/system/libsystem_malloc.dylib
0x00007fff6e32d000 	/usr/lib/system/libsystem_networkextension.dylib
0x00007fff6e33b000 	/usr/lib/system/libsystem_notify.dylib
0x00007fff6e35a000 	/usr/lib/system/libsystem_sandbox.dylib
0x00007fff6e35f000 	/usr/lib/system/libsystem_secinit.dylib
0x00007fff6e28b000 	/usr/lib/system/libsystem_kernel.dylib
0x00007fff6e345000 	/usr/lib/system/libsystem_platform.dylib
0x00007fff6e34f000 	/usr/lib/system/libsystem_pthread.dylib
0x00007fff6e362000 	/usr/lib/system/libsystem_symptoms.dylib
0x00007fff6e36a000 	/usr/lib/system/libsystem_trace.dylib
0x00007fff6e382000 	/usr/lib/system/libunwind.dylib
0x00007fff6e388000 	/usr/lib/system/libxpc.dylib
0x00007fff6b2ba000 	/usr/lib/libc++abi.dylib
0x00007fff6c0b9000 	/usr/lib/liblzma.5.dylib
0x00007fff6bd33000 	/usr/lib/libfakelink.dylib
0x00007fff6afdd000 	/usr/lib/libarchive.2.dylib
0x00007fff4418f000 	/System/Library/Frameworks/SystemConfiguration.framework/Versions/A/SystemConfiguration
0x00007fff6a952000 	/usr/lib/libCRFSuite.dylib
0x00007fff350ff000 	/System/Library/Frameworks/CFNetwork.framework/Versions/A/CFNetwork
0x00007fff6b248000 	/usr/lib/libbsm.0.dylib
0x00007fff6e168000 	/usr/lib/system/libkxld.dylib
0x00007fff49ca3000 	/System/Library/PrivateFrameworks/AppleFSCompression.framework/Versions/A/AppleFSCompression
0x00007fff6b5ca000 	/usr/lib/libcoretls.dylib
0x00007fff6b5e1000 	/usr/lib/libcoretls_cfhelpers.dylib
0x00007fff6ce1b000 	/usr/lib/libpam.2.dylib
0x00007fff6cf4e000 	/usr/lib/libsqlite3.dylib
0x00007fff6d385000 	/usr/lib/libxar.1.dylib
0x00007fff6b259000 	/usr/lib/libbz2.1.0.dylib
0x00007fff6bd54000 	/usr/lib/libiconv.2.dylib
0x00007fff6b2cf000 	/usr/lib/libcharset.1.dylib
0x00007fff6c8c1000 	/usr/lib/libnetwork.dylib
0x00007fff6ce22000 	/usr/lib/libpcap.A.dylib
0x00007fff6af92000 	/usr/lib/libapple_nghttp2.dylib
0x00007fff3813d000 	/System/Library/Frameworks/CoreServices.framework/Versions/A/Frameworks/FSEvents.framework/Versions/A/FSEvents
0x00007fff37e0d000 	/System/Library/Frameworks/CoreServices.framework/Versions/A/Frameworks/CarbonCore.framework/Versions/A/CarbonCore
0x00007fff38380000 	/System/Library/Frameworks/CoreServices.framework/Versions/A/Frameworks/Metadata.framework/Versions/A/Metadata
0x00007fff38419000 	/System/Library/Frameworks/CoreServices.framework/Versions/A/Frameworks/OSServices.framework/Versions/A/OSServices
0x00007fff38447000 	/System/Library/Frameworks/CoreServices.framework/Versions/A/Frameworks/SearchKit.framework/Versions/A/SearchKit
0x00007fff37d87000 	/System/Library/Frameworks/CoreServices.framework/Versions/A/Frameworks/AE.framework/Versions/A/AE
0x00007fff38146000 	/System/Library/Frameworks/CoreServices.framework/Versions/A/Frameworks/LaunchServices.framework/Versions/A/LaunchServices
0x00007fff380ef000 	/System/Library/Frameworks/CoreServices.framework/Versions/A/Frameworks/DictionaryServices.framework/Versions/A/DictionaryServices
0x00007fff384af000 	/System/Library/Frameworks/CoreServices.framework/Versions/A/Frameworks/SharedFileList.framework/Versions/A/SharedFileList
0x00007fff3d0a8000 	/System/Library/Frameworks/NetFS.framework/Versions/A/NetFS
0x00007fff5d5dc000 	/System/Library/PrivateFrameworks/NetAuth.framework/Versions/A/NetAuth
0x00007fff6a5ef000 	/System/Library/PrivateFrameworks/login.framework/Versions/A/Frameworks/loginsupport.framework/Versions/A/loginsupport
0x00007fff6636e000 	/System/Library/PrivateFrameworks/TCC.framework/Versions/A/TCC
0x00007fff4e88e000 	/System/Library/PrivateFrameworks/CoreNLP.framework/Versions/A/CoreNLP
0x00007fff5cadc000 	/System/Library/PrivateFrameworks/MetadataUtilities.framework/Versions/A/MetadataUtilities
0x00007fff6c191000 	/usr/lib/libmecabra.dylib
0x00007fff6c0e9000 	/usr/lib/libmecab.dylib
0x00007fff6bd44000 	/usr/lib/libgermantok.dylib
0x00007fff6af79000 	/usr/lib/libThaiTokenizer.dylib
0x00007fff6a98a000 	/usr/lib/libChineseTokenizer.dylib
0x00007fff32617000 	/System/Library/Frameworks/Accelerate.framework/Versions/A/Frameworks/vImage.framework/Versions/A/vImage
0x00007fff339c4000 	/System/Library/Frameworks/Accelerate.framework/Versions/A/Frameworks/vecLib.framework/Versions/A/vecLib
0x00007fff33849000 	/System/Library/Frameworks/Accelerate.framework/Versions/A/Frameworks/vecLib.framework/Versions/A/libvMisc.dylib
0x00007fff336b6000 	/System/Library/Frameworks/Accelerate.framework/Versions/A/Frameworks/vecLib.framework/Versions/A/libvDSP.dylib
0x00007fff32ebf000 	/System/Library/Frameworks/Accelerate.framework/Versions/A/Frameworks/vecLib.framework/Versions/A/libBLAS.dylib
0x00007fff33261000 	/System/Library/Frameworks/Accelerate.framework/Versions/A/Frameworks/vecLib.framework/Versions/A/libLAPACK.dylib
0x00007fff33616000 	/System/Library/Frameworks/Accelerate.framework/Versions/A/Frameworks/vecLib.framework/Versions/A/libLinearAlgebra.dylib
0x00007fff336a3000 	/System/Library/Frameworks/Accelerate.framework/Versions/A/Frameworks/vecLib.framework/Versions/A/libSparseBLAS.dylib
0x00007fff3362c000 	/System/Library/Frameworks/Accelerate.framework/Versions/A/Frameworks/vecLib.framework/Versions/A/libQuadrature.dylib
0x00007fff33059000 	/System/Library/Frameworks/Accelerate.framework/Versions/A/Frameworks/vecLib.framework/Versions/A/libBNNS.dylib
0x00007fff33632000 	/System/Library/Frameworks/Accelerate.framework/Versions/A/Frameworks/vecLib.framework/Versions/A/libSparse.dylib
0x00007fff5b65f000 	/System/Library/PrivateFrameworks/LanguageModeling.framework/Versions/A/LanguageModeling
0x00007fff4e22a000 	/System/Library/PrivateFrameworks/CoreEmoji.framework/Versions/A/CoreEmoji
0x00007fff5b77d000 	/System/Library/PrivateFrameworks/LinguisticData.framework/Versions/A/LinguisticData
0x00007fff5b72e000 	/System/Library/PrivateFrameworks/Lexicon.framework/Versions/A/Lexicon
0x00007fff6b2d0000 	/usr/lib/libcmph.dylib
0x00007fff3fc7a000 	/System/Library/Frameworks/OpenDirectory.framework/Versions/A/Frameworks/CFOpenDirectory.framework/Versions/A/CFOpenDirectory
0x00007fff3fc97000 	/System/Library/Frameworks/OpenDirectory.framework/Versions/A/OpenDirectory
0x00007fff47f64000 	/System/Library/PrivateFrameworks/APFS.framework/Versions/A/APFS
0x00007fff43340000 	/System/Library/Frameworks/SecurityFoundation.framework/Versions/A/SecurityFoundation
0x00007fff6d381000 	/usr/lib/libutil.dylib
0x00007fff4f517000 	/System/Library/PrivateFrameworks/CoreServicesStore.framework/Versions/A/CoreServicesStore
0x00007fff433f8000 	/System/Library/Frameworks/ServiceManagement.framework/Versions/A/ServiceManagement
0x00007fff4b45a000 	/System/Library/PrivateFrameworks/BackgroundTaskManagement.framework/Versions/A/BackgroundTaskManagement
0x00007fff6d47e000 	/usr/lib/libxslt.1.dylib
0x00007fff4a308000 	/System/Library/PrivateFrameworks/AppleSystemInfo.framework/Versions/A/AppleSystemInfo
0x00007fff39ae4000 	/System/Library/Frameworks/ImageIO.framework/Versions/A/Resources/libJPEG.dylib
0x00007fff39da3000 	/System/Library/Frameworks/ImageIO.framework/Versions/A/Resources/libTIFF.dylib
0x00007fff39d86000 	/System/Library/Frameworks/ImageIO.framework/Versions/A/Resources/libPng.dylib
0x00007fff39a26000 	/System/Library/Frameworks/ImageIO.framework/Versions/A/Resources/libGIF.dylib
0x00007fff39a2a000 	/System/Library/Frameworks/ImageIO.framework/Versions/A/Resources/libJP2.dylib
0x00007fff39da1000 	/System/Library/Frameworks/ImageIO.framework/Versions/A/Resources/libRadiance.dylib
0x00007fff6bd0c000 	/usr/lib/libexpat.1.dylib
0x00007fff49dfe000 	/System/Library/PrivateFrameworks/AppleJPEG.framework/Versions/A/AppleJPEG
0x00007fff52791000 	/System/Library/PrivateFrameworks/FontServices.framework/libFontParser.dylib
0x00007fff69646000 	/System/Library/PrivateFrameworks/WatchdogClient.framework/Versions/A/WatchdogClient
0x00007fff5acec000 	/System/Library/PrivateFrameworks/IOAccelerator.framework/Versions/A/IOAccelerator
0x00007fff3c161000 	/System/Library/Frameworks/MetalPerformanceShaders.framework/Versions/A/MetalPerformanceShaders
0x00007fff574df000 	/System/Library/PrivateFrameworks/GPUWrangler.framework/Versions/A/GPUWrangler
0x00007fff5acf7000 	/System/Library/PrivateFrameworks/IOPresentment.framework/Versions/A/IOPresentment
0x00007fff501ff000 	/System/Library/PrivateFrameworks/DSExternalDisplay.framework/Versions/A/DSExternalDisplay
0x00007fff40600000 	/System/Library/Frameworks/OpenGL.framework/Versions/A/Libraries/libCoreFSCache.dylib
0x00007fff3beb3000 	/System/Library/Frameworks/MetalPerformanceShaders.framework/Frameworks/MPSCore.framework/Versions/A/MPSCore
0x00007fff3bef0000 	/System/Library/Frameworks/MetalPerformanceShaders.framework/Frameworks/MPSImage.framework/Versions/A/MPSImage
0x00007fff3bfb2000 	/System/Library/Frameworks/MetalPerformanceShaders.framework/Frameworks/MPSNeuralNetwork.framework/Versions/A/MPSNeuralNetwork
0x00007fff3bf77000 	/System/Library/Frameworks/MetalPerformanceShaders.framework/Frameworks/MPSMatrix.framework/Versions/A/MPSMatrix
0x00007fff3c112000 	/System/Library/Frameworks/MetalPerformanceShaders.framework/Frameworks/MPSRayIntersector.framework/Versions/A/MPSRayIntersector
0x00007fff3bf9c000 	/System/Library/Frameworks/MetalPerformanceShaders.framework/Frameworks/MPSNDArray.framework/Versions/A/MPSNDArray
0x00007fff5cb29000 	/System/Library/PrivateFrameworks/MetalTools.framework/Versions/A/MetalTools
0x00007fff49129000 	/System/Library/PrivateFrameworks/AggregateDictionary.framework/Versions/A/AggregateDictionary
0x00007fff4dcb4000 	/System/Library/PrivateFrameworks/CoreAnalytics.framework/Versions/A/CoreAnalytics
0x00007fff4a226000 	/System/Library/PrivateFrameworks/AppleSauce.framework/Versions/A/AppleSauce
0x00007fff6ac46000 	/usr/lib/libIOReport.dylib
0x00007fff389b1000 	/System/Library/Frameworks/CoreVideo.framework/Versions/A/CoreVideo
0x00007fff5894d000 	/System/Library/PrivateFrameworks/GraphVisualizer.framework/Versions/A/GraphVisualizer
0x00007fff51d12000 	/System/Library/PrivateFrameworks/FaceCore.framework/Versions/A/FaceCore
0x00007fff3fc21000 	/System/Library/Frameworks/OpenCL.framework/Versions/A/OpenCL
0x00007fff6aa68000 	/usr/lib/libFosl_dynamic.dylib
0x00007fff5dfd7000 	/System/Library/PrivateFrameworks/OTSVG.framework/Versions/A/OTSVG
0x00007fff34a7a000 	/System/Library/Frameworks/ApplicationServices.framework/Versions/A/Frameworks/ATS.framework/Versions/A/Resources/libFontRegistry.dylib
0x00007fff52962000 	/System/Library/PrivateFrameworks/FontServices.framework/libhvf.dylib
0x00007fff4060b000 	/System/Library/Frameworks/OpenGL.framework/Versions/A/Libraries/libGFXShared.dylib
0x00007fff407e8000 	/System/Library/Frameworks/OpenGL.framework/Versions/A/Libraries/libGLU.dylib
0x00007fff40614000 	/System/Library/Frameworks/OpenGL.framework/Versions/A/Libraries/libGL.dylib
0x00007fff4061f000 	/System/Library/Frameworks/OpenGL.framework/Versions/A/Libraries/libGLImage.dylib
0x00007fff405fd000 	/System/Library/Frameworks/OpenGL.framework/Versions/A/Libraries/libCVMSPluginSupport.dylib
0x00007fff40606000 	/System/Library/Frameworks/OpenGL.framework/Versions/A/Libraries/libCoreVMClient.dylib
0x00007fff6c763000 	/usr/lib/libncurses.5.4.dylib
0x00007fff34976000 	/System/Library/Frameworks/ApplicationServices.framework/Versions/A/Frameworks/ATS.framework/Versions/A/ATS
0x00007fff34b43000 	/System/Library/Frameworks/ApplicationServices.framework/Versions/A/Frameworks/ColorSyncLegacy.framework/Versions/A/ColorSyncLegacy
0x00007fff34be2000 	/System/Library/Frameworks/ApplicationServices.framework/Versions/A/Frameworks/HIServices.framework/Versions/A/HIServices
0x00007fff34c39000 	/System/Library/Frameworks/ApplicationServices.framework/Versions/A/Frameworks/LangAnalysis.framework/Versions/A/LangAnalysis
0x00007fff34c48000 	/System/Library/Frameworks/ApplicationServices.framework/Versions/A/Frameworks/PrintCore.framework/Versions/A/PrintCore
0x00007fff34c8e000 	/System/Library/Frameworks/ApplicationServices.framework/Versions/A/Frameworks/QD.framework/Versions/A/QD
0x00007fff34c99000 	/System/Library/Frameworks/ApplicationServices.framework/Versions/A/Frameworks/SpeechSynthesis.framework/Versions/A/SpeechSynthesis
0x00007fff34b13000 	/System/Library/Frameworks/ApplicationServices.framework/Versions/A/Frameworks/ATSUI.framework/Versions/A/ATSUI
0x00007fff6bba0000 	/usr/lib/libcups.2.dylib
0x00007fff3b210000 	/System/Library/Frameworks/Kerberos.framework/Versions/A/Kerberos
0x00007fff39490000 	/System/Library/Frameworks/GSS.framework/Versions/A/GSS
0x00007fff6ceda000 	/usr/lib/libresolv.9.dylib
0x00007fff58aee000 	/System/Library/PrivateFrameworks/Heimdal.framework/Versions/A/Heimdal
0x00007fff3b223000 	/System/Library/Frameworks/Kerberos.framework/Versions/A/Libraries/libHeimdalProxy.dylib
0x00007fff6bd4a000 	/usr/lib/libheimdal-asn1.dylib
0x00007fff4d15a000 	/System/Library/PrivateFrameworks/CommonAuth.framework/Versions/A/CommonAuth
0x00007fff4a3a5000 	/System/Library/PrivateFrameworks/AssertionServices.framework/Versions/A/AssertionServices
0x00007fff4af48000 	/System/Library/PrivateFrameworks/AudioToolboxCore.framework/Versions/A/AudioToolboxCore
0x00007fff6a2a0000 	/System/Library/PrivateFrameworks/caulk.framework/Versions/A/caulk
0x00007fff4b506000 	/System/Library/PrivateFrameworks/BaseBoard.framework/Versions/A/BaseBoard
0x00007fff620fc000 	/System/Library/PrivateFrameworks/RunningBoardServices.framework/Versions/A/RunningBoardServices
0x00007fff5f1c5000 	/System/Library/PrivateFrameworks/PersistentConnection.framework/Versions/A/PersistentConnection
0x00007fff61b4b000 	/System/Library/PrivateFrameworks/ProtocolBuffer.framework/Versions/A/ProtocolBuffer
0x00007fff4d17f000 	/System/Library/PrivateFrameworks/CommonUtilities.framework/Versions/A/CommonUtilities
0x00007fff4b689000 	/System/Library/PrivateFrameworks/Bom.framework/Versions/A/Bom
0x00007fff6a915000 	/usr/lib/libAudioToolboxUtility.dylib
0x00007fff4b464000 	/System/Library/PrivateFrameworks/Backup.framework/Versions/A/Backup
0x00007fff4ff6f000 	/System/Library/PrivateFrameworks/CrashReporterSupport.framework/Versions/A/CrashReporterSupport
0x00007fff63bf8000 	/System/Library/PrivateFrameworks/Sharing.framework/Versions/A/Sharing
0x00007fff49b49000 	/System/Library/PrivateFrameworks/Apple80211.framework/Versions/A/Apple80211
0x00007fff4b186000 	/System/Library/PrivateFrameworks/AuthKit.framework/Versions/A/AuthKit
0x00007fff4fc9f000 	/System/Library/PrivateFrameworks/CoreUtils.framework/Versions/A/CoreUtils
0x00007fff389f6000 	/System/Library/Frameworks/CoreWLAN.framework/Versions/A/CoreWLAN
0x00007fff3961c000 	/System/Library/Frameworks/IOBluetooth.framework/Versions/A/IOBluetooth
0x00007fff5ce27000 	/System/Library/PrivateFrameworks/MobileKeyBag.framework/Versions/A/MobileKeyBag
0x00007fff4ed6a000 	/System/Library/PrivateFrameworks/CorePhoneNumbers.framework/Versions/A/CorePhoneNumbers
0x00007fff49db1000 	/System/Library/PrivateFrameworks/AppleIDAuthSupport.framework/Versions/A/AppleIDAuthSupport
0x00007fff3d0b5000 	/System/Library/Frameworks/Network.framework/Versions/A/Network
0x00007fff5b4e7000 	/System/Library/PrivateFrameworks/KeychainCircle.framework/Versions/A/KeychainCircle
0x00007fff36436000 	/System/Library/Frameworks/CoreBluetooth.framework/Versions/A/CoreBluetooth
0x00007fff65874000 	/System/Library/PrivateFrameworks/SpeechRecognitionCore.framework/Versions/A/SpeechRecognitionCore
0x0000000101800000 	/Library/Java/JavaVirtualMachines/jdk-11.0.2.jdk/Contents/Home/lib/server/libjvm.dylib
0x0000000100fbe000 	/Library/Java/JavaVirtualMachines/jdk-11.0.2.jdk/Contents/Home/lib/libverify.dylib
0x0000000100fca000 	/Library/Java/JavaVirtualMachines/jdk-11.0.2.jdk/Contents/Home/lib/libjava.dylib
0x00000001025a7000 	/Library/Java/JavaVirtualMachines/jdk-11.0.2.jdk/Contents/Home/lib/libzip.dylib
0x00000001025af000 	/Library/Java/JavaVirtualMachines/jdk-11.0.2.jdk/Contents/Home/lib/libjimage.dylib
0x0000000106566000 	/Library/Java/JavaVirtualMachines/jdk-11.0.2.jdk/Contents/Home/lib/libnio.dylib
0x0000000106574000 	/Library/Java/JavaVirtualMachines/jdk-11.0.2.jdk/Contents/Home/lib/libnet.dylib
0x000000010654d000 	/Users/Salimata/Downloads/javafx-sdk-11.0.2/lib/libprism_es2.dylib
0x00007fff4f4e3000 	/System/Library/PrivateFrameworks/CoreServicesInternal.framework/Versions/A/CoreServicesInternal
0x00007fff41264000 	/System/Library/Frameworks/OpenGL.framework/Versions/A/Resources/GLEngine.bundle/GLEngine
0x00007fff40655000 	/System/Library/Frameworks/OpenGL.framework/Versions/A/Libraries/libGLProgrammability.dylib
0x00007fff2dbd1000 	/System/Library/Extensions/AppleIntelHD4000GraphicsGLDriver.bundle/Contents/MacOS/AppleIntelHD4000GraphicsGLDriver
0x00007fff574d3000 	/System/Library/PrivateFrameworks/GPUSupport.framework/Versions/A/Libraries/libGPUSupportMercury.dylib
0x00007fff413de000 	/System/Library/Frameworks/OpenGL.framework/Versions/A/Resources/GLRendererFloat.bundle/GLRendererFloat
0x00007fff3fc18000 	/System/Library/Frameworks/OpenCL.framework/Versions/A/Libraries/libcldcpuengine.dylib
0x00007fff6b785000 	/usr/lib/libcrypto.35.dylib
0x00007fff66ab7000 	/System/Library/PrivateFrameworks/TrustEvaluationAgent.framework/Versions/A/TrustEvaluationAgent
0x00000001242e8000 	/Users/Salimata/Downloads/javafx-sdk-11.0.2/lib/libglass.dylib
0x00007fff38f1d000 	/System/Library/Frameworks/FileProvider.framework/Versions/A/FileProvider
0x00007fff339c5000 	/System/Library/Frameworks/Accounts.framework/Versions/A/Accounts
0x00007fff57803000 	/System/Library/PrivateFrameworks/GenerationalStorage.framework/Versions/A/GenerationalStorage
0x00007fff4fa53000 	/System/Library/PrivateFrameworks/CoreSymbolication.framework/Versions/A/CoreSymbolication
0x00007fff660af000 	/System/Library/PrivateFrameworks/SymptomDiagnosticReporter.framework/Versions/A/SymptomDiagnosticReporter
0x00007fff4963a000 	/System/Library/PrivateFrameworks/AppContainer.framework/Versions/A/AppContainer
0x00007fff6cef4000 	/usr/lib/libsandbox.1.dylib
0x00007fff685df000 	/System/Library/PrivateFrameworks/UserManagement.framework/Versions/A/UserManagement
0x00007fff4c24b000 	/System/Library/PrivateFrameworks/ChunkingLibrary.framework/Versions/A/ChunkingLibrary
0x00007fff50334000 	/System/Library/PrivateFrameworks/DebugSymbols.framework/Versions/A/DebugSymbols
0x00007fff496ac000 	/System/Library/PrivateFrameworks/AppSandbox.framework/Versions/A/AppSandbox
0x00007fff63a82000 	/System/Library/PrivateFrameworks/SecCodeWrapper.framework/Versions/A/SecCodeWrapper
0x00007fff6ad2c000 	/usr/lib/libMatch.1.dylib
0x00007fff2aed8000 	/System/Library/CoreServices/RawCamera.bundle/Contents/MacOS/RawCamera
0x00007fff5cc51000 	/System/Library/PrivateFrameworks/MobileAsset.framework/Versions/A/MobileAsset
0x00007fff65f5d000 	/System/Library/PrivateFrameworks/StreamingZip.framework/Versions/A/StreamingZip
0x00007fff3b68c000 	/System/Library/Frameworks/MediaToolbox.framework/Versions/A/MediaToolbox
0x00007fff4dc63000 	/System/Library/PrivateFrameworks/CoreAVCHD.framework/Versions/A/CoreAVCHD
0x00007fff3b5b6000 	/System/Library/Frameworks/MediaAccessibility.framework/Versions/A/MediaAccessibility
0x00007fff5c01c000 	/System/Library/PrivateFrameworks/Mangrove.framework/Versions/A/Mangrove
0x00007fff37bc0000 	/System/Library/Frameworks/CoreMedia.framework/Versions/A/CoreMedia
0x00007fff5c288000 	/System/Library/PrivateFrameworks/MediaExperience.framework/Versions/A/MediaExperience
0x00007fff44475000 	/System/Library/Frameworks/VideoToolbox.framework/Versions/A/VideoToolbox
0x00007fff4d88d000 	/System/Library/PrivateFrameworks/CoreAUC.framework/Versions/A/CoreAUC
0x00007fff6cf4c000 	/usr/lib/libspindump.dylib
0x00007fff4a8f3000 	/System/Library/PrivateFrameworks/AudioResourceArbitration.framework/Versions/A/AudioResourceArbitration
0x00007fff4a30c000 	/System/Library/PrivateFrameworks/AppleVA.framework/Versions/A/AppleVA
0x00007fff32600000 	/System/Library/Frameworks/Accelerate.framework/Versions/A/Frameworks/vImage.framework/Versions/A/Libraries/libCGInterfaces.dylib
0x00000001068df000 	/usr/lib/libobjc-trampolines.dylib
0x00007fff693b5000 	/System/Library/PrivateFrameworks/ViewBridge.framework/Versions/A/ViewBridge
0x00007fff528c9000 	/System/Library/PrivateFrameworks/FontServices.framework/libTrueTypeScaler.dylib
0x00007fff2e0d2000 	/System/Library/Extensions/AppleIntelHD4000GraphicsMTLDriver.bundle/Contents/MacOS/AppleIntelHD4000GraphicsMTLDriver
0x00007fff55e37000 	/System/Library/PrivateFrameworks/GPUCompiler.framework/Versions/3902/Libraries/libmetal_timestamp.dylib
0x000000012792a000 	/Library/Java/JavaVirtualMachines/jdk-11.0.2.jdk/Contents/Home/lib/libawt.dylib
0x00000001279c4000 	/Library/Java/JavaVirtualMachines/jdk-11.0.2.jdk/Contents/Home/lib/libmlib_image.dylib
0x00007fff3b1f9000 	/System/Library/Frameworks/JavaVM.framework/Versions/A/Frameworks/JavaNativeFoundation.framework/Versions/A/JavaNativeFoundation
0x00007fff3b202000 	/System/Library/Frameworks/JavaVM.framework/Versions/A/Frameworks/JavaRuntimeSupport.framework/Versions/A/JavaRuntimeSupport
0x00007fff3b20b000 	/System/Library/Frameworks/JavaVM.framework/Versions/A/JavaVM
0x00007fff5b34a000 	/System/Library/PrivateFrameworks/JavaLaunching.framework/Versions/A/JavaLaunching
0x00007fff35506000 	/System/Library/Frameworks/Carbon.framework/Versions/A/Carbon
0x00007fff35507000 	/System/Library/Frameworks/Carbon.framework/Versions/A/Frameworks/CommonPanels.framework/Versions/A/CommonPanels
0x00007fff35800000 	/System/Library/Frameworks/Carbon.framework/Versions/A/Frameworks/Help.framework/Versions/A/Help
0x00007fff35804000 	/System/Library/Frameworks/Carbon.framework/Versions/A/Frameworks/ImageCapture.framework/Versions/A/ImageCapture
0x00007fff3580b000 	/System/Library/Frameworks/Carbon.framework/Versions/A/Frameworks/OpenScripting.framework/Versions/A/OpenScripting
0x00007fff3580a000 	/System/Library/Frameworks/Carbon.framework/Versions/A/Frameworks/Ink.framework/Versions/A/Ink
0x00007fff35846000 	/System/Library/Frameworks/Carbon.framework/Versions/A/Frameworks/Print.framework/Versions/A/Print
0x00007fff35847000 	/System/Library/Frameworks/Carbon.framework/Versions/A/Frameworks/SecurityHI.framework/Versions/A/SecurityHI
0x0000000127a2a000 	/Library/Java/JavaVirtualMachines/jdk-11.0.2.jdk/Contents/Home/lib/libawt_lwawt.dylib
0x0000000126ae0000 	/Library/Java/JavaVirtualMachines/jdk-11.0.2.jdk/Contents/Home/lib/libosxapp.dylib
0x00007fff38efe000 	/System/Library/Frameworks/ExceptionHandling.framework/Versions/A/ExceptionHandling
0x0000000106af9000 	/Library/Java/JavaVirtualMachines/jdk-11.0.2.jdk/Contents/Home/lib/libjavajpeg.dylib
0x0000000124355000 	/Library/Java/JavaVirtualMachines/jdk-11.0.2.jdk/Contents/Home/lib/libfontmanager.dylib
0x0000000106933000 	/Library/Java/JavaVirtualMachines/jdk-11.0.2.jdk/Contents/Home/lib/libfreetype.dylib
0x00007fff6a5f2000 	/System/Library/PrivateFrameworks/login.framework/Versions/A/login
0x0000000106640000 	/Library/Java/JavaVirtualMachines/jdk-11.0.2.jdk/Contents/Home/lib/libosxui.dylib
0x0000000106885000 	/Users/Salimata/Downloads/javafx-sdk-11.0.2/lib/libjavafx_font.dylib
0x0000000161e72000 	/Users/Salimata/Downloads/javafx-sdk-11.0.2/lib/libjavafx_iio.dylib


VM Arguments:
jvm_args: --module-path=/Users/Salimata/Downloads/javafx-sdk-11.0.2/lib --add-modules=javafx.controls -Dfile.encoding=UTF-8 
java_command: algorithm.Main
java_class_path (initial): /Users/Salimata/git/Image/ProjetImage/bin:/Users/Salimata/Downloads/javafx-sdk-11.0.2/lib/javafx-swt.jar:/Users/Salimata/Downloads/javafx-sdk-11.0.2/lib/javafx.base.jar:/Users/Salimata/Downloads/javafx-sdk-11.0.2/lib/javafx.controls.jar:/Users/Salimata/Downloads/javafx-sdk-11.0.2/lib/javafx.fxml.jar:/Users/Salimata/Downloads/javafx-sdk-11.0.2/lib/javafx.graphics.jar:/Users/Salimata/Downloads/javafx-sdk-11.0.2/lib/javafx.media.jar:/Users/Salimata/Downloads/javafx-sdk-11.0.2/lib/javafx.swing.jar:/Users/Salimata/Downloads/javafx-sdk-11.0.2/lib/javafx.web.jar:/Users/Salimata/.p2/pool/plugins/org.junit.jupiter.api_5.5.1.v20190826-0900.jar:/Users/Salimata/.p2/pool/plugins/org.junit.jupiter.engine_5.5.1.v20190826-0900.jar:/Users/Salimata/.p2/pool/plugins/org.junit.jupiter.migrationsupport_5.5.1.v20190826-0900.jar:/Users/Salimata/.p2/pool/plugins/org.junit.jupiter.params_5.5.1.v20190826-0900.jar:/Users/Salimata/.p2/pool/plugins/org.junit.platform.commons_1.5.1.v20190826-0900.jar:/Users/Salimata/.p2/pool/plugins/org.junit.platform.engine_1.5.1.v20190826-0900.jar:/Users/Salimata/.p2/pool/plugins/org.junit.platform.launcher_1.5.1.v20190826-0900.jar:/Users/Salimata/.p2/pool/plugins/org.junit.platform.runner_1.5.1.v20190826-0900.jar:/Users/Salimata/.p2/pool/plugins/org.junit.platform.suite.api_1.5.1.v20190826-0900.jar:/Users/Salimata/.p2/pool/plugins/org.junit.vintage.engine_5.5.1.v20190826-0900.jar:/Users/Salimata/.p2/pool/plugins/org.opentest4j_1.2.0.v20190826-0900.jar:/Users/Salimata/.p2/pool/plugins/org.apiguardian_1.1.0.v20190826-0900.jar:/Users/Salimata/.p2/pool/plugins/org.junit_4.12.0.v201504281640/junit.jar:/Users/Salimata/.p2/pool/plugins/org.hamcrest.core_1.3.0.v20180420-1519.jar
Launcher Type: SUN_STANDARD

[Global flags]
     intx CICompilerCount                          = 3                                         {product} {ergonomic}
     uint ConcGCThreads                            = 1                                         {product} {ergonomic}
     uint G1ConcRefinementThreads                  = 4                                         {product} {ergonomic}
   size_t G1HeapRegionSize                         = 1048576                                   {product} {ergonomic}
    uintx GCDrainStackTargetSize                   = 64                                        {product} {ergonomic}
   size_t InitialHeapSize                          = 134217728                                 {product} {ergonomic}
   size_t MarkStackSize                            = 4194304                                   {product} {ergonomic}
   size_t MaxHeapSize                              = 2147483648                                {product} {ergonomic}
   size_t MaxNewSize                               = 1287651328                                {product} {ergonomic}
   size_t MinHeapDeltaBytes                        = 1048576                                   {product} {ergonomic}
    uintx NonNMethodCodeHeapSize                   = 5830092                                {pd product} {ergonomic}
    uintx NonProfiledCodeHeapSize                  = 122914074                              {pd product} {ergonomic}
    uintx ProfiledCodeHeapSize                     = 122914074                              {pd product} {ergonomic}
    uintx ReservedCodeCacheSize                    = 251658240                              {pd product} {ergonomic}
     bool SegmentedCodeCache                       = true                                      {product} {ergonomic}
     bool UseCompressedClassPointers               = true                                 {lp64_product} {ergonomic}
     bool UseCompressedOops                        = true                                 {lp64_product} {ergonomic}
     bool UseG1GC                                  = true                                      {product} {ergonomic}

Logging:
Log output configuration:
 #0: stdout all=warning uptime,level,tags
 #1: stderr all=off uptime,level,tags

Environment Variables:
PATH=/usr/bin:/bin:/usr/sbin:/sbin
SHELL=/bin/bash

Signal Handlers:
SIGSEGV: [libjvm.dylib+0x740190], sa_mask[0]=11111111011111110111111111111111, sa_flags=SA_ONSTACK|SA_RESTART|SA_SIGINFO
SIGBUS: [libjvm.dylib+0x740190], sa_mask[0]=11111111011111110111111111111111, sa_flags=SA_RESTART|SA_SIGINFO
SIGFPE: [libjvm.dylib+0x740190], sa_mask[0]=11111111011111110111111111111111, sa_flags=SA_RESTART|SA_SIGINFO
SIGPIPE: [libjvm.dylib+0x5f2e42], sa_mask[0]=11111111011111110111111111111111, sa_flags=SA_RESTART|SA_SIGINFO
SIGXFSZ: [libjvm.dylib+0x5f2e42], sa_mask[0]=11111111011111110111111111111111, sa_flags=SA_RESTART|SA_SIGINFO
SIGILL: [libjvm.dylib+0x740190], sa_mask[0]=11111111011111110111111111111111, sa_flags=SA_RESTART|SA_SIGINFO
SIGUSR2: [libjvm.dylib+0x5f3427], sa_mask[0]=00100000000000000000000000000000, sa_flags=SA_RESTART|SA_SIGINFO
SIGHUP: [libjvm.dylib+0x5f1e83], sa_mask[0]=11111111011111110111111111111111, sa_flags=SA_RESTART|SA_SIGINFO
SIGINT: [libjvm.dylib+0x5f1e83], sa_mask[0]=11111111011111110111111111111111, sa_flags=SA_RESTART|SA_SIGINFO
SIGTERM: [libjvm.dylib+0x5f1e83], sa_mask[0]=11111111011111110111111111111111, sa_flags=SA_RESTART|SA_SIGINFO
SIGQUIT: [libjvm.dylib+0x5f1e83], sa_mask[0]=11111111011111110111111111111111, sa_flags=SA_RESTART|SA_SIGINFO


---------------  S Y S T E M  ---------------

OS:uname:Darwin 19.3.0 Darwin Kernel Version 19.3.0: Thu Jan  9 20:58:23 PST 2020; root:xnu-6153.81.5~1/RELEASE_X86_64 x86_64
rlimit: STACK 8192k, CORE 0k, NPROC 1392, NOFILE 10240, AS infinity, DATA infinity, FSIZE infinity
load average:1.50 1.59 1.65

CPU:total 4 (initial active 4) (2 cores per cpu, 2 threads per core) family 6 model 58 stepping 9, cmov, cx8, fxsr, mmx, sse, sse2, sse3, ssse3, sse4.1, sse4.2, popcnt, avx, aes, clmul, erms, ht, tsc, tscinvbit, tscinv

Memory: 4k page, physical 8388608k(2504908k free)

vm_info: Java HotSpot(TM) 64-Bit Server VM (11.0.2+9-LTS) for bsd-amd64 JRE (11.0.2+9-LTS), built on Jan 18 2019 08:16:46 by "mach5one" with gcc 4.2.1 Compatible Apple LLVM 9.1.0 (clang-902.0.39.2)

END.
